<?xml version="1.0" encoding="UTF-8"?>
<!-- Generated by org.testng.reporters.JUnitReportReporter -->
<testsuite hostname="DESKTOP-3DKGOGQ" failures="0" tests="1" name="testscripts.Demo" time="62.939" errors="0" timestamp="2024-02-19T18:22:08 IST" skipped="0">
  <testcase classname="testscripts.Demo" name="demotest" time="62.939">
    <system-out>
      <![CDATA[automated to webpage sucessfully]]>
    </system-out>
  </testcase> <!-- demotest -->
  <system-out>
    <![CDATA[automated to webpage sucessfully]]>
  </system-out>
</testsuite> <!-- testscripts.Demo -->
